mode: set
github.com/projectbeskar/virtrigaud/internal/controller/provider_controller.go:56.100,61.66 3 1
github.com/projectbeskar/virtrigaud/internal/controller/provider_controller.go:61.66,62.32 1 0
github.com/projectbeskar/virtrigaud/internal/controller/provider_controller.go:62.32,65.4 2 0
github.com/projectbeskar/virtrigaud/internal/controller/provider_controller.go:66.3,67.28 2 0
github.com/projectbeskar/virtrigaud/internal/controller/provider_controller.go:71.2,71.42 1 1
github.com/projectbeskar/virtrigaud/internal/controller/provider_controller.go:71.42,73.3 1 0
github.com/projectbeskar/virtrigaud/internal/controller/provider_controller.go:76.2,76.36 1 1
github.com/projectbeskar/virtrigaud/internal/controller/provider_controller.go:76.36,78.3 1 1
github.com/projectbeskar/virtrigaud/internal/controller/provider_controller.go:81.2,82.70 2 1
github.com/projectbeskar/virtrigaud/internal/controller/provider_controller.go:82.70,84.3 1 0
github.com/projectbeskar/virtrigaud/internal/controller/provider_controller.go:86.2,92.21 4 1
github.com/projectbeskar/virtrigaud/internal/controller/provider_controller.go:93.51,94.57 1 0
github.com/projectbeskar/virtrigaud/internal/controller/provider_controller.go:95.54,96.60 1 1
github.com/projectbeskar/virtrigaud/internal/controller/provider_controller.go:97.10,99.130 2 0
github.com/projectbeskar/virtrigaud/internal/controller/provider_controller.go:103.2,104.70 2 1
github.com/projectbeskar/virtrigaud/internal/controller/provider_controller.go:104.70,106.17 2 0
github.com/projectbeskar/virtrigaud/internal/controller/provider_controller.go:106.17,108.4 1 0
github.com/projectbeskar/virtrigaud/internal/controller/provider_controller.go:111.2,111.20 1 1
github.com/projectbeskar/virtrigaud/internal/controller/provider_controller.go:115.133,118.111 2 0
github.com/projectbeskar/virtrigaud/internal/controller/provider_controller.go:118.111,120.63 1 0
github.com/projectbeskar/virtrigaud/internal/controller/provider_controller.go:120.63,123.4 2 0
github.com/projectbeskar/virtrigaud/internal/controller/provider_controller.go:126.2,126.27 1 0
github.com/projectbeskar/virtrigaud/internal/controller/provider_controller.go:130.144,142.2 7 1
github.com/projectbeskar/virtrigaud/internal/controller/provider_controller.go:145.141,149.62 2 0
github.com/projectbeskar/virtrigaud/internal/controller/provider_controller.go:149.62,154.3 4 0
github.com/projectbeskar/virtrigaud/internal/controller/provider_controller.go:157.2,162.16 4 0
github.com/projectbeskar/virtrigaud/internal/controller/provider_controller.go:162.16,168.3 5 0
github.com/projectbeskar/virtrigaud/internal/controller/provider_controller.go:171.2,172.16 2 0
github.com/projectbeskar/virtrigaud/internal/controller/provider_controller.go:172.16,178.3 5 0
github.com/projectbeskar/virtrigaud/internal/controller/provider_controller.go:181.2,182.85 2 0
github.com/projectbeskar/virtrigaud/internal/controller/provider_controller.go:182.85,184.3 1 0
github.com/projectbeskar/virtrigaud/internal/controller/provider_controller.go:186.2,190.41 3 0
github.com/projectbeskar/virtrigaud/internal/controller/provider_controller.go:190.41,197.3 4 0
github.com/projectbeskar/virtrigaud/internal/controller/provider_controller.go:197.8,205.3 4 0
github.com/projectbeskar/virtrigaud/internal/controller/provider_controller.go:207.2,207.27 1 0
github.com/projectbeskar/virtrigaud/internal/controller/provider_controller.go:211.108,212.34 1 0
github.com/projectbeskar/virtrigaud/internal/controller/provider_controller.go:212.34,214.3 1 0
github.com/projectbeskar/virtrigaud/internal/controller/provider_controller.go:216.2,216.39 1 0
github.com/projectbeskar/virtrigaud/internal/controller/provider_controller.go:216.39,218.3 1 0
github.com/projectbeskar/virtrigaud/internal/controller/provider_controller.go:220.2,220.12 1 0
github.com/projectbeskar/virtrigaud/internal/controller/provider_controller.go:224.101,226.2 1 0
github.com/projectbeskar/virtrigaud/internal/controller/provider_controller.go:229.98,231.2 1 0
github.com/projectbeskar/virtrigaud/internal/controller/provider_controller.go:234.159,236.85 2 0
github.com/projectbeskar/virtrigaud/internal/controller/provider_controller.go:236.85,238.3 1 0
github.com/projectbeskar/virtrigaud/internal/controller/provider_controller.go:240.2,276.91 2 0
github.com/projectbeskar/virtrigaud/internal/controller/provider_controller.go:276.91,278.3 1 0
github.com/projectbeskar/virtrigaud/internal/controller/provider_controller.go:281.2,284.31 3 0
github.com/projectbeskar/virtrigaud/internal/controller/provider_controller.go:284.31,286.48 1 0
github.com/projectbeskar/virtrigaud/internal/controller/provider_controller.go:286.48,288.4 1 0
github.com/projectbeskar/virtrigaud/internal/controller/provider_controller.go:289.3,289.22 1 0
github.com/projectbeskar/virtrigaud/internal/controller/provider_controller.go:290.8,290.23 1 0
github.com/projectbeskar/virtrigaud/internal/controller/provider_controller.go:290.23,292.3 1 0
github.com/projectbeskar/virtrigaud/internal/controller/provider_controller.go:295.2,297.48 3 0
github.com/projectbeskar/virtrigaud/internal/controller/provider_controller.go:297.48,299.3 1 0
github.com/projectbeskar/virtrigaud/internal/controller/provider_controller.go:301.2,301.22 1 0
github.com/projectbeskar/virtrigaud/internal/controller/provider_controller.go:305.168,308.43 2 0
github.com/projectbeskar/virtrigaud/internal/controller/provider_controller.go:308.43,310.3 1 0
github.com/projectbeskar/virtrigaud/internal/controller/provider_controller.go:313.2,314.16 2 0
github.com/projectbeskar/virtrigaud/internal/controller/provider_controller.go:314.16,316.3 1 0
github.com/projectbeskar/virtrigaud/internal/controller/provider_controller.go:319.2,362.91 2 0
github.com/projectbeskar/virtrigaud/internal/controller/provider_controller.go:362.91,364.3 1 0
github.com/projectbeskar/virtrigaud/internal/controller/provider_controller.go:367.2,370.31 3 0
github.com/projectbeskar/virtrigaud/internal/controller/provider_controller.go:370.31,372.48 1 0
github.com/projectbeskar/virtrigaud/internal/controller/provider_controller.go:372.48,374.4 1 0
github.com/projectbeskar/virtrigaud/internal/controller/provider_controller.go:375.3,375.22 1 0
github.com/projectbeskar/virtrigaud/internal/controller/provider_controller.go:376.8,376.23 1 0
github.com/projectbeskar/virtrigaud/internal/controller/provider_controller.go:376.23,378.3 1 0
github.com/projectbeskar/virtrigaud/internal/controller/provider_controller.go:381.2,384.48 4 0
github.com/projectbeskar/virtrigaud/internal/controller/provider_controller.go:384.48,386.3 1 0
github.com/projectbeskar/virtrigaud/internal/controller/provider_controller.go:388.2,388.22 1 0
github.com/projectbeskar/virtrigaud/internal/controller/provider_controller.go:392.126,395.41 2 0
github.com/projectbeskar/virtrigaud/internal/controller/provider_controller.go:395.41,397.3 1 0
github.com/projectbeskar/virtrigaud/internal/controller/provider_controller.go:400.2,411.44 2 0
github.com/projectbeskar/virtrigaud/internal/controller/provider_controller.go:411.44,413.3 1 0
github.com/projectbeskar/virtrigaud/internal/controller/provider_controller.go:416.2,451.38 4 0
github.com/projectbeskar/virtrigaud/internal/controller/provider_controller.go:451.38,453.3 1 0
github.com/projectbeskar/virtrigaud/internal/controller/provider_controller.go:456.2,466.16 3 0
github.com/projectbeskar/virtrigaud/internal/controller/provider_controller.go:466.16,472.3 1 0
github.com/projectbeskar/virtrigaud/internal/controller/provider_controller.go:475.2,485.50 2 0
github.com/projectbeskar/virtrigaud/internal/controller/provider_controller.go:485.50,487.3 1 0
github.com/projectbeskar/virtrigaud/internal/controller/provider_controller.go:490.2,491.85 2 0
github.com/projectbeskar/virtrigaud/internal/controller/provider_controller.go:491.85,493.3 1 0
github.com/projectbeskar/virtrigaud/internal/controller/provider_controller.go:495.2,545.23 2 0
github.com/projectbeskar/virtrigaud/internal/controller/provider_controller.go:549.108,563.75 3 0
github.com/projectbeskar/virtrigaud/internal/controller/provider_controller.go:563.75,572.3 1 0
github.com/projectbeskar/virtrigaud/internal/controller/provider_controller.go:574.2,574.16 1 0
github.com/projectbeskar/virtrigaud/internal/controller/provider_controller.go:578.124,589.80 4 0
github.com/projectbeskar/virtrigaud/internal/controller/provider_controller.go:589.80,591.3 1 0
github.com/projectbeskar/virtrigaud/internal/controller/provider_controller.go:594.2,600.77 2 0
github.com/projectbeskar/virtrigaud/internal/controller/provider_controller.go:600.77,602.3 1 0
github.com/projectbeskar/virtrigaud/internal/controller/provider_controller.go:604.2,604.12 1 0
github.com/projectbeskar/virtrigaud/internal/controller/provider_controller.go:608.71,615.2 1 0
github.com/projectbeskar/virtrigaud/internal/controller/virtualmachine_controller.go:60.106,66.59 4 1
github.com/projectbeskar/virtrigaud/internal/controller/virtualmachine_controller.go:66.59,67.29 1 0
github.com/projectbeskar/virtrigaud/internal/controller/virtualmachine_controller.go:67.29,70.4 2 0
github.com/projectbeskar/virtrigaud/internal/controller/virtualmachine_controller.go:71.3,72.28 2 0
github.com/projectbeskar/virtrigaud/internal/controller/virtualmachine_controller.go:76.2,76.28 1 1
github.com/projectbeskar/virtrigaud/internal/controller/virtualmachine_controller.go:76.28,78.3 1 0
github.com/projectbeskar/virtrigaud/internal/controller/virtualmachine_controller.go:81.2,81.78 1 1
github.com/projectbeskar/virtrigaud/internal/controller/virtualmachine_controller.go:81.78,82.112 1 1
github.com/projectbeskar/virtrigaud/internal/controller/virtualmachine_controller.go:82.112,85.4 2 0
github.com/projectbeskar/virtrigaud/internal/controller/virtualmachine_controller.go:87.3,87.41 1 1
github.com/projectbeskar/virtrigaud/internal/controller/virtualmachine_controller.go:91.2,91.31 1 0
github.com/projectbeskar/virtrigaud/internal/controller/virtualmachine_controller.go:95.136,103.16 4 0
github.com/projectbeskar/virtrigaud/internal/controller/virtualmachine_controller.go:103.16,108.3 4 0
github.com/projectbeskar/virtrigaud/internal/controller/virtualmachine_controller.go:111.2,112.16 2 0
github.com/projectbeskar/virtrigaud/internal/controller/virtualmachine_controller.go:112.16,117.3 4 0
github.com/projectbeskar/virtrigaud/internal/controller/virtualmachine_controller.go:120.2,120.55 1 0
github.com/projectbeskar/virtrigaud/internal/controller/virtualmachine_controller.go:120.55,125.3 4 0
github.com/projectbeskar/virtrigaud/internal/controller/virtualmachine_controller.go:128.2,128.33 1 0
github.com/projectbeskar/virtrigaud/internal/controller/virtualmachine_controller.go:128.33,130.17 2 0
github.com/projectbeskar/virtrigaud/internal/controller/virtualmachine_controller.go:130.17,135.4 4 0
github.com/projectbeskar/virtrigaud/internal/controller/virtualmachine_controller.go:137.3,137.12 1 0
github.com/projectbeskar/virtrigaud/internal/controller/virtualmachine_controller.go:137.12,142.4 4 0
github.com/projectbeskar/virtrigaud/internal/controller/virtualmachine_controller.go:145.3,145.29 1 0
github.com/projectbeskar/virtrigaud/internal/controller/virtualmachine_controller.go:149.2,149.24 1 0
github.com/projectbeskar/virtrigaud/internal/controller/virtualmachine_controller.go:149.24,152.3 2 0
github.com/projectbeskar/virtrigaud/internal/controller/virtualmachine_controller.go:155.2,156.16 2 0
github.com/projectbeskar/virtrigaud/internal/controller/virtualmachine_controller.go:156.16,161.3 4 0
github.com/projectbeskar/virtrigaud/internal/controller/virtualmachine_controller.go:163.2,163.18 1 0
github.com/projectbeskar/virtrigaud/internal/controller/virtualmachine_controller.go:163.18,167.3 3 0
github.com/projectbeskar/virtrigaud/internal/controller/virtualmachine_controller.go:170.2,177.29 6 0
github.com/projectbeskar/virtrigaud/internal/controller/virtualmachine_controller.go:177.29,179.3 1 0
github.com/projectbeskar/virtrigaud/internal/controller/virtualmachine_controller.go:181.2,181.42 1 0
github.com/projectbeskar/virtrigaud/internal/controller/virtualmachine_controller.go:181.42,184.3 2 0
github.com/projectbeskar/virtrigaud/internal/controller/virtualmachine_controller.go:187.2,191.56 4 0
github.com/projectbeskar/virtrigaud/internal/controller/virtualmachine_controller.go:195.139,198.78 2 0
github.com/projectbeskar/virtrigaud/internal/controller/virtualmachine_controller.go:198.78,200.3 1 0
github.com/projectbeskar/virtrigaud/internal/controller/virtualmachine_controller.go:203.2,203.58 1 0
github.com/projectbeskar/virtrigaud/internal/controller/virtualmachine_controller.go:203.58,209.42 3 0
github.com/projectbeskar/virtrigaud/internal/controller/virtualmachine_controller.go:209.42,211.4 1 0
github.com/projectbeskar/virtrigaud/internal/controller/virtualmachine_controller.go:213.3,213.59 1 0
github.com/projectbeskar/virtrigaud/internal/controller/virtualmachine_controller.go:213.59,214.31 1 0
github.com/projectbeskar/virtrigaud/internal/controller/virtualmachine_controller.go:214.31,217.5 2 0
github.com/projectbeskar/virtrigaud/internal/controller/virtualmachine_controller.go:219.9,222.18 2 0
github.com/projectbeskar/virtrigaud/internal/controller/virtualmachine_controller.go:222.18,224.5 1 0
github.com/projectbeskar/virtrigaud/internal/controller/virtualmachine_controller.go:224.10,227.19 3 0
github.com/projectbeskar/virtrigaud/internal/controller/virtualmachine_controller.go:227.19,230.6 1 0
github.com/projectbeskar/virtrigaud/internal/controller/virtualmachine_controller.go:230.11,230.29 1 0
github.com/projectbeskar/virtrigaud/internal/controller/virtualmachine_controller.go:230.29,233.6 1 0
github.com/projectbeskar/virtrigaud/internal/controller/virtualmachine_controller.go:239.2,239.114 1 0
github.com/projectbeskar/virtrigaud/internal/controller/virtualmachine_controller.go:239.114,242.3 2 0
github.com/projectbeskar/virtrigaud/internal/controller/virtualmachine_controller.go:244.2,245.27 2 0
github.com/projectbeskar/virtrigaud/internal/controller/virtualmachine_controller.go:255.3,262.41 3 0
github.com/projectbeskar/virtrigaud/internal/controller/virtualmachine_controller.go:262.41,264.3 1 0
github.com/projectbeskar/virtrigaud/internal/controller/virtualmachine_controller.go:265.2,265.58 1 0
github.com/projectbeskar/virtrigaud/internal/controller/virtualmachine_controller.go:265.58,267.3 1 0
github.com/projectbeskar/virtrigaud/internal/controller/virtualmachine_controller.go:270.2,275.38 3 0
github.com/projectbeskar/virtrigaud/internal/controller/virtualmachine_controller.go:275.38,277.3 1 0
github.com/projectbeskar/virtrigaud/internal/controller/virtualmachine_controller.go:278.2,278.54 1 0
github.com/projectbeskar/virtrigaud/internal/controller/virtualmachine_controller.go:278.54,280.3 1 0
github.com/projectbeskar/virtrigaud/internal/controller/virtualmachine_controller.go:283.2,288.38 3 0
github.com/projectbeskar/virtrigaud/internal/controller/virtualmachine_controller.go:288.38,290.3 1 0
github.com/projectbeskar/virtrigaud/internal/controller/virtualmachine_controller.go:291.2,291.54 1 0
github.com/projectbeskar/virtrigaud/internal/controller/virtualmachine_controller.go:291.54,293.3 1 0
github.com/projectbeskar/virtrigaud/internal/controller/virtualmachine_controller.go:296.2,297.42 2 0
github.com/projectbeskar/virtrigaud/internal/controller/virtualmachine_controller.go:297.42,303.53 3 0
github.com/projectbeskar/virtrigaud/internal/controller/virtualmachine_controller.go:303.53,305.4 1 0
github.com/projectbeskar/virtrigaud/internal/controller/virtualmachine_controller.go:306.3,306.39 1 0
github.com/projectbeskar/virtrigaud/internal/controller/virtualmachine_controller.go:309.2,309.50 1 0
github.com/projectbeskar/virtrigaud/internal/controller/virtualmachine_controller.go:320.24,328.16 4 0
github.com/projectbeskar/virtrigaud/internal/controller/virtualmachine_controller.go:328.16,333.3 4 0
github.com/projectbeskar/virtrigaud/internal/controller/virtualmachine_controller.go:336.2,337.24 2 0
github.com/projectbeskar/virtrigaud/internal/controller/virtualmachine_controller.go:337.24,340.3 2 0
github.com/projectbeskar/virtrigaud/internal/controller/virtualmachine_controller.go:340.8,342.3 1 0
github.com/projectbeskar/virtrigaud/internal/controller/virtualmachine_controller.go:344.2,345.57 2 0
github.com/projectbeskar/virtrigaud/internal/controller/virtualmachine_controller.go:354.24,358.22 3 0
github.com/projectbeskar/virtrigaud/internal/controller/virtualmachine_controller.go:359.12,360.32 1 0
github.com/projectbeskar/virtrigaud/internal/controller/virtualmachine_controller.go:361.13,362.33 1 0
github.com/projectbeskar/virtrigaud/internal/controller/virtualmachine_controller.go:363.10,365.58 2 0
github.com/projectbeskar/virtrigaud/internal/controller/virtualmachine_controller.go:368.2,369.16 2 0
github.com/projectbeskar/virtrigaud/internal/controller/virtualmachine_controller.go:369.16,374.3 4 0
github.com/projectbeskar/virtrigaud/internal/controller/virtualmachine_controller.go:376.2,376.19 1 0
github.com/projectbeskar/virtrigaud/internal/controller/virtualmachine_controller.go:376.19,379.3 2 0
github.com/projectbeskar/virtrigaud/internal/controller/virtualmachine_controller.go:381.2,382.57 2 0
github.com/projectbeskar/virtrigaud/internal/controller/virtualmachine_controller.go:391.27,401.38 2 0
github.com/projectbeskar/virtrigaud/internal/controller/virtualmachine_controller.go:401.38,406.3 1 0
github.com/projectbeskar/virtrigaud/internal/controller/virtualmachine_controller.go:409.2,414.33 2 0
github.com/projectbeskar/virtrigaud/internal/controller/virtualmachine_controller.go:414.33,417.42 3 0
github.com/projectbeskar/virtrigaud/internal/controller/virtualmachine_controller.go:417.42,419.4 1 0
github.com/projectbeskar/virtrigaud/internal/controller/virtualmachine_controller.go:420.3,420.46 1 0
github.com/projectbeskar/virtrigaud/internal/controller/virtualmachine_controller.go:420.46,422.4 1 0
github.com/projectbeskar/virtrigaud/internal/controller/virtualmachine_controller.go:426.2,427.42 2 0
github.com/projectbeskar/virtrigaud/internal/controller/virtualmachine_controller.go:427.42,428.24 1 0
github.com/projectbeskar/virtrigaud/internal/controller/virtualmachine_controller.go:428.24,436.31 3 0
github.com/projectbeskar/virtrigaud/internal/controller/virtualmachine_controller.go:436.31,440.5 3 0
github.com/projectbeskar/virtrigaud/internal/controller/virtualmachine_controller.go:442.4,442.31 1 0
github.com/projectbeskar/virtrigaud/internal/controller/virtualmachine_controller.go:442.31,446.5 3 0
github.com/projectbeskar/virtrigaud/internal/controller/virtualmachine_controller.go:448.4,448.33 1 0
github.com/projectbeskar/virtrigaud/internal/controller/virtualmachine_controller.go:448.33,450.5 1 0
github.com/projectbeskar/virtrigaud/internal/controller/virtualmachine_controller.go:452.4,452.63 1 0
github.com/projectbeskar/virtrigaud/internal/controller/virtualmachine_controller.go:457.2,458.41 2 0
github.com/projectbeskar/virtrigaud/internal/controller/virtualmachine_controller.go:458.41,464.3 1 0
github.com/projectbeskar/virtrigaud/internal/controller/virtualmachine_controller.go:467.2,468.66 2 0
github.com/projectbeskar/virtrigaud/internal/controller/virtualmachine_controller.go:468.66,472.46 2 0
github.com/projectbeskar/virtrigaud/internal/controller/virtualmachine_controller.go:472.46,474.4 1 0
github.com/projectbeskar/virtrigaud/internal/controller/virtualmachine_controller.go:479.2,480.30 2 0
github.com/projectbeskar/virtrigaud/internal/controller/virtualmachine_controller.go:480.30,486.3 1 0
github.com/projectbeskar/virtrigaud/internal/controller/virtualmachine_controller.go:488.2,497.3 1 0
github.com/projectbeskar/virtrigaud/internal/controller/virtualmachine_controller.go:501.116,502.51 1 0
github.com/projectbeskar/virtrigaud/internal/controller/virtualmachine_controller.go:502.51,504.3 1 0
github.com/projectbeskar/virtrigaud/internal/controller/virtualmachine_controller.go:508.151,510.29 1 0
github.com/projectbeskar/virtrigaud/internal/controller/virtualmachine_controller.go:510.29,511.50 1 0
github.com/projectbeskar/virtrigaud/internal/controller/virtualmachine_controller.go:511.50,513.4 1 0
github.com/projectbeskar/virtrigaud/internal/controller/virtualmachine_controller.go:517.2,517.31 1 0
github.com/projectbeskar/virtrigaud/internal/controller/virtualmachine_controller.go:517.31,519.3 1 0
github.com/projectbeskar/virtrigaud/internal/controller/virtualmachine_controller.go:521.2,521.58 1 0
github.com/projectbeskar/virtrigaud/internal/controller/virtualmachine_controller.go:525.77,529.47 1 0
github.com/projectbeskar/virtrigaud/internal/controller/virtualmachine_controller.go:529.47,532.5 1 0
github.com/projectbeskar/virtrigaud/internal/controller/vmclass_controller.go:49.99,55.2 2 1
github.com/projectbeskar/virtrigaud/internal/controller/vmclass_controller.go:58.70,63.2 1 0
github.com/projectbeskar/virtrigaud/internal/controller/vmimage_controller.go:49.99,55.2 2 1
github.com/projectbeskar/virtrigaud/internal/controller/vmimage_controller.go:58.70,63.2 1 0
github.com/projectbeskar/virtrigaud/internal/controller/vmnetworkattachment_controller.go:49.111,55.2 2 1
github.com/projectbeskar/virtrigaud/internal/controller/vmnetworkattachment_controller.go:58.82,63.2 1 0
github.com/projectbeskar/virtrigaud/internal/controller/vmsnapshot_controller.go:56.25,65.2 1 0
github.com/projectbeskar/virtrigaud/internal/controller/vmsnapshot_controller.go:74.102,86.65 7 0
github.com/projectbeskar/virtrigaud/internal/controller/vmsnapshot_controller.go:86.65,87.40 1 0
github.com/projectbeskar/virtrigaud/internal/controller/vmsnapshot_controller.go:87.40,90.4 2 0
github.com/projectbeskar/virtrigaud/internal/controller/vmsnapshot_controller.go:91.3,93.28 3 0
github.com/projectbeskar/virtrigaud/internal/controller/vmsnapshot_controller.go:97.2,101.42 3 0
github.com/projectbeskar/virtrigaud/internal/controller/vmsnapshot_controller.go:101.42,103.3 1 0
github.com/projectbeskar/virtrigaud/internal/controller/vmsnapshot_controller.go:106.2,106.91 1 0
github.com/projectbeskar/virtrigaud/internal/controller/vmsnapshot_controller.go:106.91,108.49 2 0
github.com/projectbeskar/virtrigaud/internal/controller/vmsnapshot_controller.go:108.49,112.4 3 0
github.com/projectbeskar/virtrigaud/internal/controller/vmsnapshot_controller.go:113.3,113.41 1 0
github.com/projectbeskar/virtrigaud/internal/controller/vmsnapshot_controller.go:117.2,122.46 3 0
github.com/projectbeskar/virtrigaud/internal/controller/vmsnapshot_controller.go:122.46,130.3 5 0
github.com/projectbeskar/virtrigaud/internal/controller/vmsnapshot_controller.go:133.2,137.24 3 0
github.com/projectbeskar/virtrigaud/internal/controller/vmsnapshot_controller.go:137.24,144.3 4 0
github.com/projectbeskar/virtrigaud/internal/controller/vmsnapshot_controller.go:147.2,147.31 1 0
github.com/projectbeskar/virtrigaud/internal/controller/vmsnapshot_controller.go:148.10,150.45 1 0
github.com/projectbeskar/virtrigaud/internal/controller/vmsnapshot_controller.go:151.43,153.52 1 0
github.com/projectbeskar/virtrigaud/internal/controller/vmsnapshot_controller.go:154.40,156.42 1 0
github.com/projectbeskar/virtrigaud/internal/controller/vmsnapshot_controller.go:157.41,160.57 2 0
github.com/projectbeskar/virtrigaud/internal/controller/vmsnapshot_controller.go:161.10,164.58 2 0
github.com/projectbeskar/virtrigaud/internal/controller/vmsnapshot_controller.go:169.159,190.54 11 0
github.com/projectbeskar/virtrigaud/internal/controller/vmsnapshot_controller.go:190.54,192.3 1 0
github.com/projectbeskar/virtrigaud/internal/controller/vmsnapshot_controller.go:195.2,195.57 1 0
github.com/projectbeskar/virtrigaud/internal/controller/vmsnapshot_controller.go:199.166,206.68 3 0
github.com/projectbeskar/virtrigaud/internal/controller/vmsnapshot_controller.go:206.68,210.45 3 0
github.com/projectbeskar/virtrigaud/internal/controller/vmsnapshot_controller.go:210.45,210.96 2 0
github.com/projectbeskar/virtrigaud/internal/controller/vmsnapshot_controller.go:211.3,222.55 5 0
github.com/projectbeskar/virtrigaud/internal/controller/vmsnapshot_controller.go:222.55,224.4 1 0
github.com/projectbeskar/virtrigaud/internal/controller/vmsnapshot_controller.go:226.3,226.28 1 0
github.com/projectbeskar/virtrigaud/internal/controller/vmsnapshot_controller.go:230.2,230.57 1 0
github.com/projectbeskar/virtrigaud/internal/controller/vmsnapshot_controller.go:234.126,238.89 2 0
github.com/projectbeskar/virtrigaud/internal/controller/vmsnapshot_controller.go:238.89,240.61 2 0
github.com/projectbeskar/virtrigaud/internal/controller/vmsnapshot_controller.go:240.61,244.50 2 0
github.com/projectbeskar/virtrigaud/internal/controller/vmsnapshot_controller.go:244.50,247.5 2 0
github.com/projectbeskar/virtrigaud/internal/controller/vmsnapshot_controller.go:249.4,249.29 1 0
github.com/projectbeskar/virtrigaud/internal/controller/vmsnapshot_controller.go:254.2,254.92 1 0
github.com/projectbeskar/virtrigaud/internal/controller/vmsnapshot_controller.go:254.92,260.47 3 0
github.com/projectbeskar/virtrigaud/internal/controller/vmsnapshot_controller.go:260.47,261.41 1 0
github.com/projectbeskar/virtrigaud/internal/controller/vmsnapshot_controller.go:261.41,263.51 2 0
github.com/projectbeskar/virtrigaud/internal/controller/vmsnapshot_controller.go:263.51,266.6 2 0
github.com/projectbeskar/virtrigaud/internal/controller/vmsnapshot_controller.go:267.5,267.30 1 0
github.com/projectbeskar/virtrigaud/internal/controller/vmsnapshot_controller.go:273.2,273.50 1 0
github.com/projectbeskar/virtrigaud/internal/controller/vmsnapshot_controller.go:277.125,298.48 9 0
github.com/projectbeskar/virtrigaud/internal/controller/vmsnapshot_controller.go:298.48,301.3 2 0
github.com/projectbeskar/virtrigaud/internal/controller/vmsnapshot_controller.go:303.2,306.27 3 0
github.com/projectbeskar/virtrigaud/internal/controller/vmsnapshot_controller.go:310.108,311.57 1 0
github.com/projectbeskar/virtrigaud/internal/controller/vmsnapshot_controller.go:311.57,315.3 3 0
github.com/projectbeskar/virtrigaud/internal/controller/vmsnapshot_controller.go:316.2,316.12 1 0
github.com/projectbeskar/virtrigaud/internal/controller/vmsnapshot_controller.go:320.73,324.2 1 0
